<?xml version="1.0" encoding="UTF-8"?>
<!-- Generated by org.testng.reporters.JUnitReportReporter -->
<testsuite hostname="DESKTOP-BDD2LJU" failures="0" tests="1" name="TestRunner.Run" time="30.254" errors="0" timestamp="2025-03-03T15:44:30 IST" skipped="0">
  <testcase classname="TestRunner.Run" name="runScenario" time="30.254"/>
  <system-out/>
</testsuite> <!-- TestRunner.Run -->
